0 info it worked if it ends with ok
1 verbose cli [ 'node', '/usr/local/bin/npm', 'install' ]
2 info using npm@1.4.28
3 info using node@v0.10.33
4 verbose readDependencies using package.json deps
5 verbose install where, deps [ '/Users/gustavoasj/Dropbox/CEFET/7 periodo/Web/tp2/web-projeto/Fake-news',
5 verbose install   [ 'express',
5 verbose install     'body-parser',
5 verbose install     'cookie-parser',
5 verbose install     'morgan',
5 verbose install     'serve-favicon',
5 verbose install     'debug',
5 verbose install     'hbs' ] ]
6 info preinstall Fake-news@0.0.0
7 verbose readDependencies using package.json deps
8 verbose cache add [ 'body-parser@~1.10.1', null ]
9 verbose cache add name=undefined spec="body-parser@~1.10.1" args=["body-parser@~1.10.1",null]
10 verbose parsed url { protocol: null,
10 verbose parsed url   slashes: null,
10 verbose parsed url   auth: null,
10 verbose parsed url   host: null,
10 verbose parsed url   port: null,
10 verbose parsed url   hostname: null,
10 verbose parsed url   hash: null,
10 verbose parsed url   search: null,
10 verbose parsed url   query: null,
10 verbose parsed url   pathname: 'body-parser@~1.10.1',
10 verbose parsed url   path: 'body-parser@~1.10.1',
10 verbose parsed url   href: 'body-parser@~1.10.1' }
11 verbose cache add [ 'cookie-parser@~1.3.3', null ]
12 verbose cache add name=undefined spec="cookie-parser@~1.3.3" args=["cookie-parser@~1.3.3",null]
13 verbose parsed url { protocol: null,
13 verbose parsed url   slashes: null,
13 verbose parsed url   auth: null,
13 verbose parsed url   host: null,
13 verbose parsed url   port: null,
13 verbose parsed url   hostname: null,
13 verbose parsed url   hash: null,
13 verbose parsed url   search: null,
13 verbose parsed url   query: null,
13 verbose parsed url   pathname: 'cookie-parser@~1.3.3',
13 verbose parsed url   path: 'cookie-parser@~1.3.3',
13 verbose parsed url   href: 'cookie-parser@~1.3.3' }
14 verbose cache add name="body-parser" spec="~1.10.1" args=["body-parser","~1.10.1"]
15 verbose parsed url { protocol: null,
15 verbose parsed url   slashes: null,
15 verbose parsed url   auth: null,
15 verbose parsed url   host: null,
15 verbose parsed url   port: null,
15 verbose parsed url   hostname: null,
15 verbose parsed url   hash: null,
15 verbose parsed url   search: null,
15 verbose parsed url   query: null,
15 verbose parsed url   pathname: '~1.10.1',
15 verbose parsed url   path: '~1.10.1',
15 verbose parsed url   href: '~1.10.1' }
16 verbose addNamed [ 'body-parser', '~1.10.1' ]
17 verbose addNamed [ null, '>=1.10.1-0 <1.11.0-0' ]
18 verbose cache add [ 'morgan@~1.5.1', null ]
19 verbose cache add name=undefined spec="morgan@~1.5.1" args=["morgan@~1.5.1",null]
20 verbose parsed url { protocol: null,
20 verbose parsed url   slashes: null,
20 verbose parsed url   auth: null,
20 verbose parsed url   host: null,
20 verbose parsed url   port: null,
20 verbose parsed url   hostname: null,
20 verbose parsed url   hash: null,
20 verbose parsed url   search: null,
20 verbose parsed url   query: null,
20 verbose parsed url   pathname: 'morgan@~1.5.1',
20 verbose parsed url   path: 'morgan@~1.5.1',
20 verbose parsed url   href: 'morgan@~1.5.1' }
21 verbose cache add [ 'serve-favicon@~2.2.0', null ]
22 verbose cache add name=undefined spec="serve-favicon@~2.2.0" args=["serve-favicon@~2.2.0",null]
23 verbose parsed url { protocol: null,
23 verbose parsed url   slashes: null,
23 verbose parsed url   auth: null,
23 verbose parsed url   host: null,
23 verbose parsed url   port: null,
23 verbose parsed url   hostname: null,
23 verbose parsed url   hash: null,
23 verbose parsed url   search: null,
23 verbose parsed url   query: null,
23 verbose parsed url   pathname: 'serve-favicon@~2.2.0',
23 verbose parsed url   path: 'serve-favicon@~2.2.0',
23 verbose parsed url   href: 'serve-favicon@~2.2.0' }
24 verbose cache add name="cookie-parser" spec="~1.3.3" args=["cookie-parser","~1.3.3"]
25 verbose parsed url { protocol: null,
25 verbose parsed url   slashes: null,
25 verbose parsed url   auth: null,
25 verbose parsed url   host: null,
25 verbose parsed url   port: null,
25 verbose parsed url   hostname: null,
25 verbose parsed url   hash: null,
25 verbose parsed url   search: null,
25 verbose parsed url   query: null,
25 verbose parsed url   pathname: '~1.3.3',
25 verbose parsed url   path: '~1.3.3',
25 verbose parsed url   href: '~1.3.3' }
26 verbose addNamed [ 'cookie-parser', '~1.3.3' ]
27 verbose addNamed [ null, '>=1.3.3-0 <1.4.0-0' ]
28 silly lockFile 8e4fa182-body-parser-1-10-1 body-parser@~1.10.1
29 verbose lock body-parser@~1.10.1 /Users/gustavoasj/.npm/8e4fa182-body-parser-1-10-1.lock
30 silly lockFile bf5babd8-cookie-parser-1-3-3 cookie-parser@~1.3.3
31 verbose lock cookie-parser@~1.3.3 /Users/gustavoasj/.npm/bf5babd8-cookie-parser-1-3-3.lock
32 verbose cache add name="morgan" spec="~1.5.1" args=["morgan","~1.5.1"]
33 verbose parsed url { protocol: null,
33 verbose parsed url   slashes: null,
33 verbose parsed url   auth: null,
33 verbose parsed url   host: null,
33 verbose parsed url   port: null,
33 verbose parsed url   hostname: null,
33 verbose parsed url   hash: null,
33 verbose parsed url   search: null,
33 verbose parsed url   query: null,
33 verbose parsed url   pathname: '~1.5.1',
33 verbose parsed url   path: '~1.5.1',
33 verbose parsed url   href: '~1.5.1' }
34 verbose addNamed [ 'morgan', '~1.5.1' ]
35 verbose addNamed [ null, '>=1.5.1-0 <1.6.0-0' ]
36 silly lockFile 66ba047d-morgan-1-5-1 morgan@~1.5.1
37 verbose lock morgan@~1.5.1 /Users/gustavoasj/.npm/66ba047d-morgan-1-5-1.lock
38 verbose cache add [ 'debug@~2.1.1', null ]
39 verbose cache add name=undefined spec="debug@~2.1.1" args=["debug@~2.1.1",null]
40 verbose parsed url { protocol: null,
40 verbose parsed url   slashes: null,
40 verbose parsed url   auth: null,
40 verbose parsed url   host: null,
40 verbose parsed url   port: null,
40 verbose parsed url   hostname: null,
40 verbose parsed url   hash: null,
40 verbose parsed url   search: null,
40 verbose parsed url   query: null,
40 verbose parsed url   pathname: 'debug@~2.1.1',
40 verbose parsed url   path: 'debug@~2.1.1',
40 verbose parsed url   href: 'debug@~2.1.1' }
41 verbose cache add name="serve-favicon" spec="~2.2.0" args=["serve-favicon","~2.2.0"]
42 verbose parsed url { protocol: null,
42 verbose parsed url   slashes: null,
42 verbose parsed url   auth: null,
42 verbose parsed url   host: null,
42 verbose parsed url   port: null,
42 verbose parsed url   hostname: null,
42 verbose parsed url   hash: null,
42 verbose parsed url   search: null,
42 verbose parsed url   query: null,
42 verbose parsed url   pathname: '~2.2.0',
42 verbose parsed url   path: '~2.2.0',
42 verbose parsed url   href: '~2.2.0' }
43 verbose addNamed [ 'serve-favicon', '~2.2.0' ]
44 verbose addNamed [ null, '>=2.2.0-0 <2.3.0-0' ]
45 silly lockFile 9df5bad7-serve-favicon-2-2-0 serve-favicon@~2.2.0
46 verbose lock serve-favicon@~2.2.0 /Users/gustavoasj/.npm/9df5bad7-serve-favicon-2-2-0.lock
47 verbose cache add name="debug" spec="~2.1.1" args=["debug","~2.1.1"]
48 verbose parsed url { protocol: null,
48 verbose parsed url   slashes: null,
48 verbose parsed url   auth: null,
48 verbose parsed url   host: null,
48 verbose parsed url   port: null,
48 verbose parsed url   hostname: null,
48 verbose parsed url   hash: null,
48 verbose parsed url   search: null,
48 verbose parsed url   query: null,
48 verbose parsed url   pathname: '~2.1.1',
48 verbose parsed url   path: '~2.1.1',
48 verbose parsed url   href: '~2.1.1' }
49 verbose addNamed [ 'debug', '~2.1.1' ]
50 verbose addNamed [ null, '>=2.1.1-0 <2.2.0-0' ]
51 silly lockFile 09d11068-debug-2-1-1 debug@~2.1.1
52 verbose lock debug@~2.1.1 /Users/gustavoasj/.npm/09d11068-debug-2-1-1.lock
53 verbose cache add [ 'hbs@~2.8.0', null ]
54 verbose cache add name=undefined spec="hbs@~2.8.0" args=["hbs@~2.8.0",null]
55 verbose parsed url { protocol: null,
55 verbose parsed url   slashes: null,
55 verbose parsed url   auth: null,
55 verbose parsed url   host: null,
55 verbose parsed url   port: null,
55 verbose parsed url   hostname: null,
55 verbose parsed url   hash: null,
55 verbose parsed url   search: null,
55 verbose parsed url   query: null,
55 verbose parsed url   pathname: 'hbs@~2.8.0',
55 verbose parsed url   path: 'hbs@~2.8.0',
55 verbose parsed url   href: 'hbs@~2.8.0' }
56 verbose cache add [ 'express@~4.10.6', null ]
57 verbose cache add name=undefined spec="express@~4.10.6" args=["express@~4.10.6",null]
58 verbose parsed url { protocol: null,
58 verbose parsed url   slashes: null,
58 verbose parsed url   auth: null,
58 verbose parsed url   host: null,
58 verbose parsed url   port: null,
58 verbose parsed url   hostname: null,
58 verbose parsed url   hash: null,
58 verbose parsed url   search: null,
58 verbose parsed url   query: null,
58 verbose parsed url   pathname: 'express@~4.10.6',
58 verbose parsed url   path: 'express@~4.10.6',
58 verbose parsed url   href: 'express@~4.10.6' }
59 silly addNameRange { name: 'body-parser',
59 silly addNameRange   range: '>=1.10.1-0 <1.11.0-0',
59 silly addNameRange   hasData: false }
60 silly addNameRange { name: 'cookie-parser',
60 silly addNameRange   range: '>=1.3.3-0 <1.4.0-0',
60 silly addNameRange   hasData: false }
61 verbose cache add name="hbs" spec="~2.8.0" args=["hbs","~2.8.0"]
62 verbose parsed url { protocol: null,
62 verbose parsed url   slashes: null,
62 verbose parsed url   auth: null,
62 verbose parsed url   host: null,
62 verbose parsed url   port: null,
62 verbose parsed url   hostname: null,
62 verbose parsed url   hash: null,
62 verbose parsed url   search: null,
62 verbose parsed url   query: null,
62 verbose parsed url   pathname: '~2.8.0',
62 verbose parsed url   path: '~2.8.0',
62 verbose parsed url   href: '~2.8.0' }
63 verbose addNamed [ 'hbs', '~2.8.0' ]
64 verbose addNamed [ null, '>=2.8.0-0 <2.9.0-0' ]
65 silly lockFile c29234ae-hbs-2-8-0 hbs@~2.8.0
66 verbose lock hbs@~2.8.0 /Users/gustavoasj/.npm/c29234ae-hbs-2-8-0.lock
67 verbose cache add name="express" spec="~4.10.6" args=["express","~4.10.6"]
68 verbose parsed url { protocol: null,
68 verbose parsed url   slashes: null,
68 verbose parsed url   auth: null,
68 verbose parsed url   host: null,
68 verbose parsed url   port: null,
68 verbose parsed url   hostname: null,
68 verbose parsed url   hash: null,
68 verbose parsed url   search: null,
68 verbose parsed url   query: null,
68 verbose parsed url   pathname: '~4.10.6',
68 verbose parsed url   path: '~4.10.6',
68 verbose parsed url   href: '~4.10.6' }
69 verbose addNamed [ 'express', '~4.10.6' ]
70 verbose addNamed [ null, '>=4.10.6-0 <4.11.0-0' ]
71 silly lockFile 2847eb2c-express-4-10-6 express@~4.10.6
72 verbose lock express@~4.10.6 /Users/gustavoasj/.npm/2847eb2c-express-4-10-6.lock
73 silly addNameRange { name: 'morgan', range: '>=1.5.1-0 <1.6.0-0', hasData: false }
74 silly addNameRange { name: 'serve-favicon',
74 silly addNameRange   range: '>=2.2.0-0 <2.3.0-0',
74 silly addNameRange   hasData: false }
75 silly addNameRange { name: 'debug', range: '>=2.1.1-0 <2.2.0-0', hasData: false }
76 silly addNameRange { name: 'hbs', range: '>=2.8.0-0 <2.9.0-0', hasData: false }
77 silly addNameRange { name: 'express',
77 silly addNameRange   range: '>=4.10.6-0 <4.11.0-0',
77 silly addNameRange   hasData: false }
78 verbose request where is /cookie-parser
79 verbose request registry https://registry.npmjs.org/
80 verbose request id d29e325fb7988a12
81 verbose url raw /cookie-parser
82 verbose url resolving [ 'https://registry.npmjs.org/', './cookie-parser' ]
83 verbose url resolved https://registry.npmjs.org/cookie-parser
84 verbose request where is https://registry.npmjs.org/cookie-parser
85 info trying registry request attempt 1 at 22:00:07
86 verbose etag "8RHCHHZDMD43ZCMD5UNJ8GNU3"
87 http GET https://registry.npmjs.org/cookie-parser
88 verbose request where is /body-parser
89 verbose request registry https://registry.npmjs.org/
90 verbose url raw /body-parser
91 verbose url resolving [ 'https://registry.npmjs.org/', './body-parser' ]
92 verbose url resolved https://registry.npmjs.org/body-parser
93 verbose request where is https://registry.npmjs.org/body-parser
94 info trying registry request attempt 1 at 22:00:07
95 verbose etag "38OTRDFQWZ7DS6PTGQDS3W4LO"
96 http GET https://registry.npmjs.org/body-parser
97 verbose request where is /morgan
98 verbose request registry https://registry.npmjs.org/
99 verbose url raw /morgan
100 verbose url resolving [ 'https://registry.npmjs.org/', './morgan' ]
101 verbose url resolved https://registry.npmjs.org/morgan
102 verbose request where is https://registry.npmjs.org/morgan
103 info trying registry request attempt 1 at 22:00:07
104 verbose etag "ADAF6VRN7MQ767QJ04T5H428T"
105 http GET https://registry.npmjs.org/morgan
106 verbose request where is /serve-favicon
107 verbose request registry https://registry.npmjs.org/
108 verbose url raw /serve-favicon
109 verbose url resolving [ 'https://registry.npmjs.org/', './serve-favicon' ]
110 verbose url resolved https://registry.npmjs.org/serve-favicon
111 verbose request where is https://registry.npmjs.org/serve-favicon
112 info trying registry request attempt 1 at 22:00:07
113 verbose etag "EIEC7IL0VFE32KZZQS4PAX10Q"
114 http GET https://registry.npmjs.org/serve-favicon
115 verbose request where is /debug
116 verbose request registry https://registry.npmjs.org/
117 verbose url raw /debug
118 verbose url resolving [ 'https://registry.npmjs.org/', './debug' ]
119 verbose url resolved https://registry.npmjs.org/debug
120 verbose request where is https://registry.npmjs.org/debug
121 info trying registry request attempt 1 at 22:00:07
122 verbose etag "176ZGYXVDNVI8540T07G06RXT"
123 http GET https://registry.npmjs.org/debug
124 verbose request where is /hbs
125 verbose request registry https://registry.npmjs.org/
126 verbose url raw /hbs
127 verbose url resolving [ 'https://registry.npmjs.org/', './hbs' ]
128 verbose url resolved https://registry.npmjs.org/hbs
129 verbose request where is https://registry.npmjs.org/hbs
130 info trying registry request attempt 1 at 22:00:07
131 verbose etag "724X48QM6RHRBQY7UUADM4JOO"
132 http GET https://registry.npmjs.org/hbs
133 verbose request where is /express
134 verbose request registry https://registry.npmjs.org/
135 verbose url raw /express
136 verbose url resolving [ 'https://registry.npmjs.org/', './express' ]
137 verbose url resolved https://registry.npmjs.org/express
138 verbose request where is https://registry.npmjs.org/express
139 info trying registry request attempt 1 at 22:00:07
140 verbose etag "BWLT5FPS8XYFANZI664ZMABRZ"
141 http GET https://registry.npmjs.org/express
142 http 304 https://registry.npmjs.org/body-parser
143 silly registry.get cb [ 304,
143 silly registry.get   { date: 'Wed, 14 Jan 2015 00:00:04 GMT',
143 silly registry.get     server: 'Apache',
143 silly registry.get     via: '1.1 varnish',
143 silly registry.get     'last-modified': 'Wed, 14 Jan 2015 00:00:04 GMT',
143 silly registry.get     'cache-control': 'max-age=60',
143 silly registry.get     etag: '"38OTRDFQWZ7DS6PTGQDS3W4LO"',
143 silly registry.get     age: '39',
143 silly registry.get     'x-served-by': 'cache-atl6234-ATL',
143 silly registry.get     'x-cache': 'HIT',
143 silly registry.get     'x-cache-hits': '1',
143 silly registry.get     'x-timer': 'S1421193604.941165,VS0,VE1',
143 silly registry.get     vary: 'Accept',
143 silly registry.get     'content-length': '0',
143 silly registry.get     'keep-alive': 'timeout=10, max=50',
143 silly registry.get     connection: 'Keep-Alive' } ]
144 verbose etag https://registry.npmjs.org/body-parser from cache
145 silly addNameRange number 2 { name: 'body-parser',
145 silly addNameRange   range: '>=1.10.1-0 <1.11.0-0',
145 silly addNameRange   hasData: true }
146 silly addNameRange versions [ 'body-parser',
146 silly addNameRange   [ '1.0.0',
146 silly addNameRange     '1.0.1',
146 silly addNameRange     '1.0.2',
146 silly addNameRange     '1.1.0',
146 silly addNameRange     '1.1.1',
146 silly addNameRange     '1.1.2',
146 silly addNameRange     '1.2.0',
146 silly addNameRange     '1.2.1',
146 silly addNameRange     '1.2.2',
146 silly addNameRange     '1.3.0',
146 silly addNameRange     '1.3.1',
146 silly addNameRange     '1.4.0',
146 silly addNameRange     '1.4.1',
146 silly addNameRange     '1.4.2',
146 silly addNameRange     '1.4.3',
146 silly addNameRange     '1.5.0',
146 silly addNameRange     '1.5.1',
146 silly addNameRange     '1.5.2',
146 silly addNameRange     '1.6.0',
146 silly addNameRange     '1.6.1',
146 silly addNameRange     '1.6.2',
146 silly addNameRange     '1.6.3',
146 silly addNameRange     '1.6.4',
146 silly addNameRange     '1.6.5',
146 silly addNameRange     '1.6.6',
146 silly addNameRange     '1.6.7',
146 silly addNameRange     '1.7.0',
146 silly addNameRange     '1.8.0',
146 silly addNameRange     '1.8.1',
146 silly addNameRange     '1.8.2',
146 silly addNameRange     '1.8.3',
146 silly addNameRange     '1.8.4',
146 silly addNameRange     '1.9.0',
146 silly addNameRange     '1.9.1',
146 silly addNameRange     '1.9.2',
146 silly addNameRange     '1.9.3',
146 silly addNameRange     '1.10.0',
146 silly addNameRange     '1.10.1' ] ]
147 verbose addNamed [ 'body-parser', '1.10.1' ]
148 verbose addNamed [ '1.10.1', '1.10.1' ]
149 silly lockFile 0f993b18-body-parser-1-10-1 body-parser@1.10.1
150 verbose lock body-parser@1.10.1 /Users/gustavoasj/.npm/0f993b18-body-parser-1-10-1.lock
151 silly lockFile 0f993b18-body-parser-1-10-1 body-parser@1.10.1
152 silly lockFile 0f993b18-body-parser-1-10-1 body-parser@1.10.1
153 silly lockFile 8e4fa182-body-parser-1-10-1 body-parser@~1.10.1
154 silly lockFile 8e4fa182-body-parser-1-10-1 body-parser@~1.10.1
155 http 304 https://registry.npmjs.org/cookie-parser
156 silly registry.get cb [ 304,
156 silly registry.get   { date: 'Wed, 14 Jan 2015 00:00:04 GMT',
156 silly registry.get     server: 'Apache',
156 silly registry.get     via: '1.1 varnish',
156 silly registry.get     'last-modified': 'Wed, 14 Jan 2015 00:00:04 GMT',
156 silly registry.get     'cache-control': 'max-age=60',
156 silly registry.get     etag: '"8RHCHHZDMD43ZCMD5UNJ8GNU3"',
156 silly registry.get     age: '0',
156 silly registry.get     'x-served-by': 'cache-atl6223-ATL',
156 silly registry.get     'x-cache': 'HIT',
156 silly registry.get     'x-cache-hits': '2',
156 silly registry.get     'x-timer': 'S1421193604.982537,VS0,VE0',
156 silly registry.get     vary: 'Accept',
156 silly registry.get     'content-length': '0',
156 silly registry.get     'keep-alive': 'timeout=10, max=50',
156 silly registry.get     connection: 'Keep-Alive' } ]
157 verbose etag https://registry.npmjs.org/cookie-parser from cache
158 silly addNameRange number 2 { name: 'cookie-parser',
158 silly addNameRange   range: '>=1.3.3-0 <1.4.0-0',
158 silly addNameRange   hasData: true }
159 silly addNameRange versions [ 'cookie-parser',
159 silly addNameRange   [ '1.0.0',
159 silly addNameRange     '1.0.1',
159 silly addNameRange     '1.1.0',
159 silly addNameRange     '1.2.0',
159 silly addNameRange     '1.3.0',
159 silly addNameRange     '1.3.1',
159 silly addNameRange     '1.3.2',
159 silly addNameRange     '1.3.3' ] ]
160 verbose addNamed [ 'cookie-parser', '1.3.3' ]
161 verbose addNamed [ '1.3.3', '1.3.3' ]
162 silly lockFile 68450bd4-cookie-parser-1-3-3 cookie-parser@1.3.3
163 verbose lock cookie-parser@1.3.3 /Users/gustavoasj/.npm/68450bd4-cookie-parser-1-3-3.lock
164 http 304 https://registry.npmjs.org/morgan
165 silly registry.get cb [ 304,
165 silly registry.get   { date: 'Wed, 14 Jan 2015 00:00:04 GMT',
165 silly registry.get     server: 'Apache',
165 silly registry.get     via: '1.1 varnish',
165 silly registry.get     'last-modified': 'Wed, 14 Jan 2015 00:00:04 GMT',
165 silly registry.get     'cache-control': 'max-age=60',
165 silly registry.get     etag: '"ADAF6VRN7MQ767QJ04T5H428T"',
165 silly registry.get     age: '57',
165 silly registry.get     'x-served-by': 'cache-atl6233-ATL',
165 silly registry.get     'x-cache': 'HIT',
165 silly registry.get     'x-cache-hits': '1',
165 silly registry.get     'x-timer': 'S1421193604.993019,VS0,VE2',
165 silly registry.get     vary: 'Accept',
165 silly registry.get     'content-length': '0',
165 silly registry.get     'keep-alive': 'timeout=10, max=50',
165 silly registry.get     connection: 'Keep-Alive' } ]
166 verbose etag https://registry.npmjs.org/morgan from cache
167 silly lockFile 68450bd4-cookie-parser-1-3-3 cookie-parser@1.3.3
168 silly lockFile 68450bd4-cookie-parser-1-3-3 cookie-parser@1.3.3
169 silly lockFile bf5babd8-cookie-parser-1-3-3 cookie-parser@~1.3.3
170 silly lockFile bf5babd8-cookie-parser-1-3-3 cookie-parser@~1.3.3
171 silly addNameRange number 2 { name: 'morgan', range: '>=1.5.1-0 <1.6.0-0', hasData: true }
172 silly addNameRange versions [ 'morgan',
172 silly addNameRange   [ '1.0.0',
172 silly addNameRange     '1.0.1',
172 silly addNameRange     '1.1.0',
172 silly addNameRange     '1.1.1',
172 silly addNameRange     '1.2.0',
172 silly addNameRange     '1.2.1',
172 silly addNameRange     '1.2.2',
172 silly addNameRange     '1.2.3',
172 silly addNameRange     '1.3.0',
172 silly addNameRange     '1.3.1',
172 silly addNameRange     '1.3.2',
172 silly addNameRange     '1.4.0',
172 silly addNameRange     '1.4.1',
172 silly addNameRange     '1.5.0',
172 silly addNameRange     '1.5.1' ] ]
173 verbose addNamed [ 'morgan', '1.5.1' ]
174 verbose addNamed [ '1.5.1', '1.5.1' ]
175 silly lockFile 7ab299d0-morgan-1-5-1 morgan@1.5.1
176 verbose lock morgan@1.5.1 /Users/gustavoasj/.npm/7ab299d0-morgan-1-5-1.lock
177 http 304 https://registry.npmjs.org/serve-favicon
178 silly registry.get cb [ 304,
178 silly registry.get   { date: 'Wed, 14 Jan 2015 00:00:04 GMT',
178 silly registry.get     server: 'Apache',
178 silly registry.get     via: '1.1 varnish',
178 silly registry.get     'last-modified': 'Tue, 13 Jan 2015 23:59:45 GMT',
178 silly registry.get     'cache-control': 'max-age=60',
178 silly registry.get     etag: '"EIEC7IL0VFE32KZZQS4PAX10Q"',
178 silly registry.get     age: '57',
178 silly registry.get     'x-served-by': 'cache-atl6227-ATL',
178 silly registry.get     'x-cache': 'HIT',
178 silly registry.get     'x-cache-hits': '2',
178 silly registry.get     'x-timer': 'S1421193604.999773,VS0,VE0',
178 silly registry.get     vary: 'Accept',
178 silly registry.get     'content-length': '0',
178 silly registry.get     'keep-alive': 'timeout=10, max=50',
178 silly registry.get     connection: 'Keep-Alive' } ]
179 verbose etag https://registry.npmjs.org/serve-favicon from cache
180 silly lockFile 7ab299d0-morgan-1-5-1 morgan@1.5.1
181 silly lockFile 7ab299d0-morgan-1-5-1 morgan@1.5.1
182 silly addNameRange number 2 { name: 'serve-favicon',
182 silly addNameRange   range: '>=2.2.0-0 <2.3.0-0',
182 silly addNameRange   hasData: true }
183 silly addNameRange versions [ 'serve-favicon',
183 silly addNameRange   [ '2.0.0',
183 silly addNameRange     '2.0.1',
183 silly addNameRange     '2.1.0',
183 silly addNameRange     '2.1.1',
183 silly addNameRange     '2.1.2',
183 silly addNameRange     '2.1.3',
183 silly addNameRange     '2.1.4',
183 silly addNameRange     '2.1.5',
183 silly addNameRange     '2.1.6',
183 silly addNameRange     '2.1.7',
183 silly addNameRange     '2.2.0' ] ]
184 verbose addNamed [ 'serve-favicon', '2.2.0' ]
185 verbose addNamed [ '2.2.0', '2.2.0' ]
186 silly lockFile cef81d7c-serve-favicon-2-2-0 serve-favicon@2.2.0
187 verbose lock serve-favicon@2.2.0 /Users/gustavoasj/.npm/cef81d7c-serve-favicon-2-2-0.lock
188 silly lockFile 66ba047d-morgan-1-5-1 morgan@~1.5.1
189 silly lockFile 66ba047d-morgan-1-5-1 morgan@~1.5.1
190 silly lockFile cef81d7c-serve-favicon-2-2-0 serve-favicon@2.2.0
191 silly lockFile cef81d7c-serve-favicon-2-2-0 serve-favicon@2.2.0
192 silly lockFile 9df5bad7-serve-favicon-2-2-0 serve-favicon@~2.2.0
193 silly lockFile 9df5bad7-serve-favicon-2-2-0 serve-favicon@~2.2.0
194 http 304 https://registry.npmjs.org/debug
195 silly registry.get cb [ 304,
195 silly registry.get   { date: 'Wed, 14 Jan 2015 00:00:05 GMT',
195 silly registry.get     server: 'Apache',
195 silly registry.get     via: '1.1 varnish',
195 silly registry.get     'last-modified': 'Wed, 14 Jan 2015 00:00:01 GMT',
195 silly registry.get     'cache-control': 'max-age=60',
195 silly registry.get     etag: '"176ZGYXVDNVI8540T07G06RXT"',
195 silly registry.get     age: '8',
195 silly registry.get     'x-served-by': 'cache-atl6228-ATL',
195 silly registry.get     'x-cache': 'HIT',
195 silly registry.get     'x-cache-hits': '2',
195 silly registry.get     'x-timer': 'S1421193605.009611,VS0,VE0',
195 silly registry.get     vary: 'Accept',
195 silly registry.get     'content-length': '0',
195 silly registry.get     'keep-alive': 'timeout=10, max=50',
195 silly registry.get     connection: 'Keep-Alive' } ]
196 verbose etag https://registry.npmjs.org/debug from cache
197 silly addNameRange number 2 { name: 'debug', range: '>=2.1.1-0 <2.2.0-0', hasData: true }
198 silly addNameRange versions [ 'debug',
198 silly addNameRange   [ '0.0.1',
198 silly addNameRange     '0.1.0',
198 silly addNameRange     '0.2.0',
198 silly addNameRange     '0.3.0',
198 silly addNameRange     '0.4.0',
198 silly addNameRange     '0.4.1',
198 silly addNameRange     '0.5.0',
198 silly addNameRange     '0.6.0',
198 silly addNameRange     '0.7.0',
198 silly addNameRange     '0.7.1',
198 silly addNameRange     '0.7.2',
198 silly addNameRange     '0.7.3',
198 silly addNameRange     '0.7.4',
198 silly addNameRange     '0.8.0',
198 silly addNameRange     '0.8.1',
198 silly addNameRange     '1.0.0',
198 silly addNameRange     '1.0.1',
198 silly addNameRange     '1.0.2',
198 silly addNameRange     '1.0.3',
198 silly addNameRange     '1.0.4',
198 silly addNameRange     '2.0.0',
198 silly addNameRange     '2.1.0',
198 silly addNameRange     '2.1.1' ] ]
199 verbose addNamed [ 'debug', '2.1.1' ]
200 verbose addNamed [ '2.1.1', '2.1.1' ]
201 silly lockFile 656b33b7-debug-2-1-1 debug@2.1.1
202 verbose lock debug@2.1.1 /Users/gustavoasj/.npm/656b33b7-debug-2-1-1.lock
203 silly lockFile 656b33b7-debug-2-1-1 debug@2.1.1
204 silly lockFile 656b33b7-debug-2-1-1 debug@2.1.1
205 silly lockFile 09d11068-debug-2-1-1 debug@~2.1.1
206 silly lockFile 09d11068-debug-2-1-1 debug@~2.1.1
207 http 304 https://registry.npmjs.org/hbs
208 silly registry.get cb [ 304,
208 silly registry.get   { date: 'Wed, 14 Jan 2015 00:00:05 GMT',
208 silly registry.get     server: 'Apache',
208 silly registry.get     via: '1.1 varnish',
208 silly registry.get     'last-modified': 'Wed, 14 Jan 2015 00:00:05 GMT',
208 silly registry.get     'cache-control': 'max-age=60',
208 silly registry.get     etag: '"724X48QM6RHRBQY7UUADM4JOO"',
208 silly registry.get     age: '15',
208 silly registry.get     'x-served-by': 'cache-atl6234-ATL',
208 silly registry.get     'x-cache': 'HIT',
208 silly registry.get     'x-cache-hits': '1',
208 silly registry.get     'x-timer': 'S1421193605.149922,VS0,VE0',
208 silly registry.get     vary: 'Accept',
208 silly registry.get     'content-length': '0',
208 silly registry.get     'keep-alive': 'timeout=10, max=49',
208 silly registry.get     connection: 'Keep-Alive' } ]
209 verbose etag https://registry.npmjs.org/hbs from cache
210 silly addNameRange number 2 { name: 'hbs', range: '>=2.8.0-0 <2.9.0-0', hasData: true }
211 silly addNameRange versions [ 'hbs',
211 silly addNameRange   [ '0.0.2-1',
211 silly addNameRange     '0.0.2-2',
211 silly addNameRange     '0.0.2-3',
211 silly addNameRange     '0.0.3',
211 silly addNameRange     '0.0.3-1',
211 silly addNameRange     '0.0.3-2',
211 silly addNameRange     '0.0.3-3',
211 silly addNameRange     '0.0.3-4',
211 silly addNameRange     '0.0.4',
211 silly addNameRange     '0.0.5',
211 silly addNameRange     '0.0.6',
211 silly addNameRange     '0.0.7',
211 silly addNameRange     '1.0.0',
211 silly addNameRange     '1.0.1',
211 silly addNameRange     '1.0.2',
211 silly addNameRange     '1.0.3',
211 silly addNameRange     '1.0.4',
211 silly addNameRange     '1.0.5',
211 silly addNameRange     '1.0.6',
211 silly addNameRange     '1.0.7',
211 silly addNameRange     '1.0.8',
211 silly addNameRange     '1.0.9',
211 silly addNameRange     '2.0.0',
211 silly addNameRange     '2.0.1',
211 silly addNameRange     '2.0.2',
211 silly addNameRange     '2.1.0',
211 silly addNameRange     '2.3.0',
211 silly addNameRange     '2.3.1',
211 silly addNameRange     '2.4.0',
211 silly addNameRange     '2.5.0',
211 silly addNameRange     '2.6.0',
211 silly addNameRange     '2.7.0',
211 silly addNameRange     '2.8.0' ] ]
212 verbose addNamed [ 'hbs', '2.8.0' ]
213 verbose addNamed [ '2.8.0', '2.8.0' ]
214 silly lockFile 899e28a0-hbs-2-8-0 hbs@2.8.0
215 verbose lock hbs@2.8.0 /Users/gustavoasj/.npm/899e28a0-hbs-2-8-0.lock
216 silly lockFile 899e28a0-hbs-2-8-0 hbs@2.8.0
217 silly lockFile 899e28a0-hbs-2-8-0 hbs@2.8.0
218 silly lockFile c29234ae-hbs-2-8-0 hbs@~2.8.0
219 silly lockFile c29234ae-hbs-2-8-0 hbs@~2.8.0
220 http 304 https://registry.npmjs.org/express
221 silly registry.get cb [ 304,
221 silly registry.get   { date: 'Wed, 14 Jan 2015 00:00:05 GMT',
221 silly registry.get     server: 'Apache',
221 silly registry.get     via: '1.1 varnish',
221 silly registry.get     'last-modified': 'Wed, 14 Jan 2015 00:00:05 GMT',
221 silly registry.get     'cache-control': 'max-age=60',
221 silly registry.get     etag: '"BWLT5FPS8XYFANZI664ZMABRZ"',
221 silly registry.get     age: '34',
221 silly registry.get     'x-served-by': 'cache-atl6223-ATL',
221 silly registry.get     'x-cache': 'HIT',
221 silly registry.get     'x-cache-hits': '1',
221 silly registry.get     'x-timer': 'S1421193605.203563,VS0,VE5',
221 silly registry.get     vary: 'Accept',
221 silly registry.get     'content-length': '0',
221 silly registry.get     'keep-alive': 'timeout=10, max=49',
221 silly registry.get     connection: 'Keep-Alive' } ]
222 verbose etag https://registry.npmjs.org/express from cache
223 silly addNameRange number 2 { name: 'express', range: '>=4.10.6-0 <4.11.0-0', hasData: true }
224 silly addNameRange versions [ 'express',
224 silly addNameRange   [ '0.14.0',
224 silly addNameRange     '0.14.1',
224 silly addNameRange     '1.0.0',
224 silly addNameRange     '1.0.1',
224 silly addNameRange     '1.0.2',
224 silly addNameRange     '1.0.3',
224 silly addNameRange     '1.0.4',
224 silly addNameRange     '1.0.5',
224 silly addNameRange     '1.0.6',
224 silly addNameRange     '1.0.7',
224 silly addNameRange     '1.0.8',
224 silly addNameRange     '2.0.0',
224 silly addNameRange     '2.1.0',
224 silly addNameRange     '2.1.1',
224 silly addNameRange     '2.2.0',
224 silly addNameRange     '2.2.1',
224 silly addNameRange     '2.2.2',
224 silly addNameRange     '2.3.0',
224 silly addNameRange     '2.3.1',
224 silly addNameRange     '2.3.2',
224 silly addNameRange     '2.3.3',
224 silly addNameRange     '2.3.4',
224 silly addNameRange     '2.3.5',
224 silly addNameRange     '2.3.6',
224 silly addNameRange     '2.3.7',
224 silly addNameRange     '2.3.8',
224 silly addNameRange     '2.3.9',
224 silly addNameRange     '2.3.10',
224 silly addNameRange     '2.3.11',
224 silly addNameRange     '2.3.12',
224 silly addNameRange     '2.4.0',
224 silly addNameRange     '2.4.1',
224 silly addNameRange     '2.4.2',
224 silly addNameRange     '2.4.3',
224 silly addNameRange     '2.4.4',
224 silly addNameRange     '2.4.5',
224 silly addNameRange     '2.4.6',
224 silly addNameRange     '2.4.7',
224 silly addNameRange     '2.5.0',
224 silly addNameRange     '2.5.1',
224 silly addNameRange     '2.5.2',
224 silly addNameRange     '2.5.3',
224 silly addNameRange     '2.5.4',
224 silly addNameRange     '2.5.5',
224 silly addNameRange     '2.5.6',
224 silly addNameRange     '2.5.7',
224 silly addNameRange     '2.5.8',
224 silly addNameRange     '2.5.9',
224 silly addNameRange     '2.5.10',
224 silly addNameRange     '2.5.11',
224 silly addNameRange     '3.0.0',
224 silly addNameRange     '3.0.1',
224 silly addNameRange     '3.0.2',
224 silly addNameRange     '3.0.3',
224 silly addNameRange     '3.0.4',
224 silly addNameRange     '3.0.5',
224 silly addNameRange     '3.0.6',
224 silly addNameRange     '3.1.0',
224 silly addNameRange     '3.1.1',
224 silly addNameRange     '3.1.2',
224 silly addNameRange     '3.2.0',
224 silly addNameRange     '3.2.1',
224 silly addNameRange     '3.2.2',
224 silly addNameRange     '3.2.3',
224 silly addNameRange     '3.2.4',
224 silly addNameRange     '3.2.5',
224 silly addNameRange     '3.2.6',
224 silly addNameRange     '3.3.0',
224 silly addNameRange     '3.3.1',
224 silly addNameRange     '3.3.2',
224 silly addNameRange     '3.3.3',
224 silly addNameRange     '3.3.4',
224 silly addNameRange     '3.3.5',
224 silly addNameRange     '3.3.6',
224 silly addNameRange     '1.0.0-beta',
224 silly addNameRange     '1.0.0-beta2',
224 silly addNameRange     '1.0.0-rc',
224 silly addNameRange     '1.0.0-rc2',
224 silly addNameRange     '1.0.0-rc3',
224 silly addNameRange     '1.0.0-rc4',
224 silly addNameRange     '2.0.0-beta',
224 silly addNameRange     '2.0.0-beta2',
224 silly addNameRange     '2.0.0-beta3',
224 silly addNameRange     '2.0.0-rc',
224 silly addNameRange     '2.0.0-rc2',
224 silly addNameRange     '2.0.0-rc3',
224 silly addNameRange     '3.0.0-alpha1',
224 silly addNameRange     '3.0.0-alpha2',
224 silly addNameRange     '3.0.0-alpha3',
224 silly addNameRange     '3.0.0-alpha4',
224 silly addNameRange     '3.0.0-alpha5',
224 silly addNameRange     '3.0.0-beta1',
224 silly addNameRange     '3.0.0-beta2',
224 silly addNameRange     '3.0.0-beta3',
224 silly addNameRange     '3.0.0-beta4',
224 silly addNameRange     '3.0.0-beta6',
224 silly addNameRange     '3.0.0-beta7',
224 silly addNameRange     '3.0.0-rc1',
224 silly addNameRange     '3.0.0-rc2',
224 silly addNameRange     '3.0.0-rc3',
224 silly addNameRange     '3.0.0-rc4',
224 silly addNameRange     '3.0.0-rc5',
224 silly addNameRange     '3.3.7',
224 silly addNameRange     '3.3.8',
224 silly addNameRange     '3.4.0',
224 silly addNameRange     '3.4.1',
224 silly addNameRange     '3.4.2',
224 silly addNameRange     '3.4.3',
224 silly addNameRange     '3.4.4',
224 silly addNameRange     '3.4.5',
224 silly addNameRange     '3.4.6',
224 silly addNameRange     '3.4.7',
224 silly addNameRange     '3.4.8',
224 silly addNameRange     '4.0.0-rc1',
224 silly addNameRange     '4.0.0-rc2',
224 silly addNameRange     '3.5.0',
224 silly addNameRange     '4.0.0-rc3',
224 silly addNameRange     '4.0.0-rc4',
224 silly addNameRange     '3.5.1',
224 silly addNameRange     '4.0.0',
224 silly addNameRange     '3.5.2',
224 silly addNameRange     '4.1.0',
224 silly addNameRange     '4.1.1',
224 silly addNameRange     '3.5.3',
224 silly addNameRange     '4.1.2',
224 silly addNameRange     '3.6.0',
224 silly addNameRange     '4.2.0',
224 silly addNameRange     '3.7.0',
224 silly addNameRange     '3.8.0',
224 silly addNameRange     '4.3.0',
224 silly addNameRange     '4.3.1',
224 silly addNameRange     '3.8.1',
224 silly addNameRange     '4.3.2',
224 silly addNameRange     '3.9.0',
224 silly addNameRange     '4.4.0',
224 silly addNameRange     '4.4.1',
224 silly addNameRange     '3.10.0',
224 silly addNameRange     '3.10.1',
224 silly addNameRange     '3.10.2',
224 silly addNameRange     '3.10.3',
224 silly addNameRange     '3.10.4',
224 silly addNameRange     '4.4.2',
224 silly addNameRange     '3.10.5',
224 silly addNameRange     '4.4.3',
224 silly addNameRange     '3.11.0',
224 silly addNameRange     '4.4.4',
224 silly addNameRange     '3.12.0',
224 silly addNameRange     '3.12.1',
224 silly addNameRange     '4.4.5',
224 silly addNameRange     '3.13.0',
224 silly addNameRange     '4.5.0',
224 silly addNameRange     '4.5.1',
224 silly addNameRange     '3.14.0',
224 silly addNameRange     '4.6.0',
224 silly addNameRange     '4.6.1',
224 silly addNameRange     '3.15.0',
224 silly addNameRange     '4.7.0',
224 silly addNameRange     '3.15.1',
224 silly addNameRange     '4.7.1',
224 silly addNameRange     '3.15.2',
224 silly addNameRange     '4.7.2',
224 silly addNameRange     '4.7.3',
224 silly addNameRange     '3.15.3',
224 silly addNameRange     '4.7.4',
224 silly addNameRange     '3.16.0',
224 silly addNameRange     '4.8.0',
224 silly addNameRange     '3.16.1',
224 silly addNameRange     '4.8.1',
224 silly addNameRange     '3.16.2',
224 silly addNameRange     '4.8.2',
224 silly addNameRange     '3.16.3',
224 silly addNameRange     '3.16.4',
224 silly addNameRange     '4.8.3',
224 silly addNameRange     '3.16.5',
224 silly addNameRange     '3.16.6',
224 silly addNameRange     '4.8.4',
224 silly addNameRange     '3.16.7',
224 silly addNameRange     '4.8.5',
224 silly addNameRange     '3.16.8',
224 silly addNameRange     '4.8.6',
224 silly addNameRange     '3.16.9',
224 silly addNameRange     '4.8.7',
224 silly addNameRange     '3.16.10',
224 silly addNameRange     '4.8.8',
224 silly addNameRange     '3.17.0',
224 silly addNameRange     '3.17.1',
224 silly addNameRange     '4.9.0',
224 silly addNameRange     '3.17.2',
224 silly addNameRange     '4.9.1',
224 silly addNameRange     '4.9.2',
224 silly addNameRange     '3.17.3',
224 silly addNameRange     '4.9.3',
224 silly addNameRange     '3.17.4',
224 silly addNameRange     '4.9.4',
224 silly addNameRange     '3.17.5',
224 silly addNameRange     '4.9.5',
224 silly addNameRange     '3.17.6',
224 silly addNameRange     '3.17.7',
224 silly addNameRange     '4.9.6',
224 silly addNameRange     '4.9.7',
224 silly addNameRange     '3.17.8',
224 silly addNameRange     '4.9.8',
224 silly addNameRange     '3.18.0',
224 silly addNameRange     '3.18.1',
224 silly addNameRange     '4.10.0',
224 silly addNameRange     '3.18.2',
224 silly addNameRange     '4.10.1',
224 silly addNameRange     '5.0.0-alpha.1',
224 silly addNameRange     '3.18.3',
224 silly addNameRange     '4.10.2',
224 silly addNameRange     '3.18.4',
224 silly addNameRange     '4.10.3',
224 silly addNameRange     '4.10.4',
224 silly addNameRange     '4.10.5',
224 silly addNameRange     '3.18.5',
224 silly addNameRange     '3.18.6',
224 silly addNameRange     '4.10.6',
224 silly addNameRange     '4.10.7',
224 silly addNameRange     '3.19.0',
224 silly addNameRange     '4.10.8' ] ]
225 verbose addNamed [ 'express', '4.10.8' ]
226 verbose addNamed [ '4.10.8', '4.10.8' ]
227 silly lockFile 44558bf5-express-4-10-8 express@4.10.8
228 verbose lock express@4.10.8 /Users/gustavoasj/.npm/44558bf5-express-4-10-8.lock
229 silly lockFile 95f2bc2f-s-org-express-express-4-10-8-tgz https://registry.npmjs.org/express/-/express-4.10.8.tgz
230 verbose lock https://registry.npmjs.org/express/-/express-4.10.8.tgz /Users/gustavoasj/.npm/95f2bc2f-s-org-express-express-4-10-8-tgz.lock
231 verbose addRemoteTarball [ 'https://registry.npmjs.org/express/-/express-4.10.8.tgz',
231 verbose addRemoteTarball   '2d83571e065c0efb2679c0a5f9ae66aeaa47024a' ]
232 info retry fetch attempt 1 at 22:00:09
233 verbose fetch to= /var/folders/zv/mdp6tntn65xf60mz1gj081vh0000gn/T/npm-11184-ItY2gN-M/registry.npmjs.org/express/-/express-4.10.8.tgz
234 http GET https://registry.npmjs.org/express/-/express-4.10.8.tgz
235 http 200 https://registry.npmjs.org/express/-/express-4.10.8.tgz
236 silly lockFile 95f2bc2f-s-org-express-express-4-10-8-tgz https://registry.npmjs.org/express/-/express-4.10.8.tgz
237 silly lockFile 95f2bc2f-s-org-express-express-4-10-8-tgz https://registry.npmjs.org/express/-/express-4.10.8.tgz
238 silly lockFile 44558bf5-express-4-10-8 express@4.10.8
239 silly lockFile 44558bf5-express-4-10-8 express@4.10.8
240 silly lockFile 2847eb2c-express-4-10-6 express@~4.10.6
241 silly lockFile 2847eb2c-express-4-10-6 express@~4.10.6
242 error Error: EACCES, mkdir '/Users/gustavoasj/.npm/express/4.10.8'
242 error  { [Error: EACCES, mkdir '/Users/gustavoasj/.npm/express/4.10.8']
242 error   errno: 3,
242 error   code: 'EACCES',
242 error   path: '/Users/gustavoasj/.npm/express/4.10.8',
242 error   parent: 'Fake-news' }
243 error Please try running this command again as root/Administrator.
244 error System Darwin 14.0.0
245 error command "node" "/usr/local/bin/npm" "install"
246 error cwd /Users/gustavoasj/Dropbox/CEFET/7 periodo/Web/tp2/web-projeto/Fake-news
247 error node -v v0.10.33
248 error npm -v 1.4.28
249 error path /Users/gustavoasj/.npm/express/4.10.8
250 error code EACCES
251 error errno 3
252 error stack Error: EACCES, mkdir '/Users/gustavoasj/.npm/express/4.10.8'
253 verbose exit [ 3, true ]
